2/2/2021 3:32:43 PM: New Session Started
2/2/2021 3:32:43 PM: Name: _BaseColorType: ColorFloat: 0Color : RGBA(1.000, 1.000, 1.000, 1.000)Int : 0vector : (1.0, 1.0, 1.0, 1.0)
Name: _BaseColorMapType: TexEnvFloat: 0Color : RGBA(0.000, 0.000, 0.000, 0.000)Int : 0vector : (0.0, 0.0, 0.0, 0.0)
Name: _BaseColorMap_MipInfoType: VectorFloat: 0Color : RGBA(0.000, 0.000, 0.000, 0.000)Int : 0vector : (0.0, 0.0, 0.0, 0.0)
Name: _MetallicType: RangeFloat: 0Color : RGBA(0.000, 0.000, 0.000, 0.000)Int : 0vector : (0.0, 0.0, 0.0, 0.0)
Name: _SmoothnessType: RangeFloat: 0.394Color : RGBA(0.000, 0.000, 0.000, 0.000)Int : 0vector : (0.0, 0.0, 0.0, 0.0)
Name: _MaskMapType: TexEnvFloat: 0Color : RGBA(0.000, 0.000, 0.000, 0.000)Int : 0vector : (0.0, 0.0, 0.0, 0.0)
Name: _SmoothnessRemapMinType: FloatFloat: 0Color : RGBA(0.000, 0.000, 0.000, 0.000)Int : 0vector : (0.0, 0.0, 0.0, 0.0)
Name: _SmoothnessRemapMaxType: FloatFloat: 1Color : RGBA(0.000, 0.000, 0.000, 0.000)Int : 1vector : (0.0, 0.0, 0.0, 0.0)
Name: _AORemapMinType: FloatFloat: 0Color : RGBA(0.000, 0.000, 0.000, 0.000)Int : 0vector : (0.0, 0.0, 0.0, 0.0)
Name: _AORemapMaxType: FloatFloat: 1Color : RGBA(0.000, 0.000, 0.000, 0.000)Int : 1vector : (0.0, 0.0, 0.0, 0.0)
Name: _NormalMapType: TexEnvFloat: 0Color : RGBA(0.000, 0.000, 0.000, 0.000)Int : 0vector : (0.0, 0.0, 0.0, 0.0)
Name: _NormalMapOSType: TexEnvFloat: 0Color : RGBA(0.000, 0.000, 0.000, 0.000)Int : 0vector : (0.0, 0.0, 0.0, 0.0)
Name: _NormalScaleType: RangeFloat: 1Color : RGBA(0.000, 0.000, 0.000, 0.000)Int : 1vector : (0.0, 0.0, 0.0, 0.0)
Name: _BentNormalMapType: TexEnvFloat: 0Color : RGBA(0.000, 0.000, 0.000, 0.000)Int : 0vector : (0.0, 0.0, 0.0, 0.0)
Name: _BentNormalMapOSType: TexEnvFloat: 0Color : RGBA(0.000, 0.000, 0.000, 0.000)Int : 0vector : (0.0, 0.0, 0.0, 0.0)
Name: _HeightMapType: TexEnvFloat: 0Color : RGBA(0.000, 0.000, 0.000, 0.000)Int : 0vector : (0.0, 0.0, 0.0, 0.0)
Name: _HeightAmplitudeType: FloatFloat: 0.02Color : RGBA(0.000, 0.000, 0.000, 0.000)Int : 0vector : (0.0, 0.0, 0.0, 0.0)
Name: _HeightCenterType: RangeFloat: 0.5Color : RGBA(0.000, 0.000, 0.000, 0.000)Int : 0vector : (0.0, 0.0, 0.0, 0.0)
Name: _HeightMapParametrizationType: FloatFloat: 0Color : RGBA(0.000, 0.000, 0.000, 0.000)Int : 0vector : (0.0, 0.0, 0.0, 0.0)
Name: _HeightOffsetType: FloatFloat: 0Color : RGBA(0.000, 0.000, 0.000, 0.000)Int : 0vector : (0.0, 0.0, 0.0, 0.0)
Name: _HeightMinType: FloatFloat: -1Color : RGBA(0.000, 0.000, 0.000, 0.000)Int : -1vector : (0.0, 0.0, 0.0, 0.0)
Name: _HeightMaxType: FloatFloat: 1Color : RGBA(0.000, 0.000, 0.000, 0.000)Int : 1vector : (0.0, 0.0, 0.0, 0.0)
Name: _HeightTessAmplitudeType: FloatFloat: 2Color : RGBA(0.000, 0.000, 0.000, 0.000)Int : 2vector : (0.0, 0.0, 0.0, 0.0)
Name: _HeightTessCenterType: RangeFloat: 0.5Color : RGBA(0.000, 0.000, 0.000, 0.000)Int : 0vector : (0.0, 0.0, 0.0, 0.0)
Name: _HeightPoMAmplitudeType: FloatFloat: 2Color : RGBA(0.000, 0.000, 0.000, 0.000)Int : 2vector : (0.0, 0.0, 0.0, 0.0)
Name: _DetailMapType: TexEnvFloat: 0Color : RGBA(0.000, 0.000, 0.000, 0.000)Int : 0vector : (0.0, 0.0, 0.0, 0.0)
Name: _DetailAlbedoScaleType: RangeFloat: 1Color : RGBA(0.000, 0.000, 0.000, 0.000)Int : 1vector : (0.0, 0.0, 0.0, 0.0)
Name: _DetailNormalScaleType: RangeFloat: 1Color : RGBA(0.000, 0.000, 0.000, 0.000)Int : 1vector : (0.0, 0.0, 0.0, 0.0)
Name: _DetailSmoothnessScaleType: RangeFloat: 1Color : RGBA(0.000, 0.000, 0.000, 0.000)Int : 1vector : (0.0, 0.0, 0.0, 0.0)
Name: _TangentMapType: TexEnvFloat: 0Color : RGBA(0.000, 0.000, 0.000, 0.000)Int : 0vector : (0.0, 0.0, 0.0, 0.0)
Name: _TangentMapOSType: TexEnvFloat: 0Color : RGBA(0.000, 0.000, 0.000, 0.000)Int : 0vector : (0.0, 0.0, 0.0, 0.0)
Name: _AnisotropyType: RangeFloat: 0Color : RGBA(0.000, 0.000, 0.000, 0.000)Int : 0vector : (0.0, 0.0, 0.0, 0.0)
Name: _AnisotropyMapType: TexEnvFloat: 0Color : RGBA(0.000, 0.000, 0.000, 0.000)Int : 0vector : (0.0, 0.0, 0.0, 0.0)
Name: _SubsurfaceMaskType: RangeFloat: 1Color : RGBA(0.000, 0.000, 0.000, 0.000)Int : 1vector : (0.0, 0.0, 0.0, 0.0)
Name: _SubsurfaceMaskMapType: TexEnvFloat: 0Color : RGBA(0.000, 0.000, 0.000, 0.000)Int : 0vector : (0.0, 0.0, 0.0, 0.0)
Name: _ThicknessType: RangeFloat: 1Color : RGBA(0.000, 0.000, 0.000, 0.000)Int : 1vector : (0.0, 0.0, 0.0, 0.0)
Name: _ThicknessMapType: TexEnvFloat: 0Color : RGBA(0.000, 0.000, 0.000, 0.000)Int : 0vector : (0.0, 0.0, 0.0, 0.0)
Name: _ThicknessRemapType: VectorFloat: 0Color : RGBA(0.000, 1.000, 0.000, 0.000)Int : 0vector : (0.0, 1.0, 0.0, 0.0)
Name: _IridescenceThicknessType: RangeFloat: 1Color : RGBA(0.000, 0.000, 0.000, 0.000)Int : 1vector : (0.0, 0.0, 0.0, 0.0)
Name: _IridescenceThicknessMapType: TexEnvFloat: 0Color : RGBA(0.000, 0.000, 0.000, 0.000)Int : 0vector : (0.0, 0.0, 0.0, 0.0)
Name: _IridescenceThicknessRemapType: VectorFloat: 0Color : RGBA(0.000, 1.000, 0.000, 0.000)Int : 0vector : (0.0, 1.0, 0.0, 0.0)
Name: _IridescenceMaskType: RangeFloat: 1Color : RGBA(0.000, 0.000, 0.000, 0.000)Int : 1vector : (0.0, 0.0, 0.0, 0.0)
Name: _IridescenceMaskMapType: TexEnvFloat: 0Color : RGBA(0.000, 0.000, 0.000, 0.000)Int : 0vector : (0.0, 0.0, 0.0, 0.0)
Name: _CoatMaskType: RangeFloat: 0Color : RGBA(0.000, 0.000, 0.000, 0.000)Int : 0vector : (0.0, 0.0, 0.0, 0.0)
Name: _CoatMaskMapType: TexEnvFloat: 0Color : RGBA(0.000, 0.000, 0.000, 0.000)Int : 0vector : (0.0, 0.0, 0.0, 0.0)
Name: _EnergyConservingSpecularColorType: FloatFloat: 1Color : RGBA(0.000, 0.000, 0.000, 0.000)Int : 1vector : (0.0, 0.0, 0.0, 0.0)
Name: _SpecularColorType: ColorFloat: 0Color : RGBA(1.000, 1.000, 1.000, 1.000)Int : 0vector : (1.0, 1.0, 1.0, 1.0)
Name: _SpecularColorMapType: TexEnvFloat: 0Color : RGBA(0.000, 0.000, 0.000, 0.000)Int : 0vector : (0.0, 0.0, 0.0, 0.0)
Name: _SpecularOcclusionModeType: FloatFloat: 1Color : RGBA(0.000, 0.000, 0.000, 0.000)Int : 1vector : (0.0, 0.0, 0.0, 0.0)
Name: _EmissiveColorType: ColorFloat: 0Color : RGBA(0.000, 0.000, 0.000, 1.000)Int : 0vector : (0.0, 0.0, 0.0, 1.0)
Name: _EmissiveColorLDRType: ColorFloat: 0Color : RGBA(0.000, 0.000, 0.000, 1.000)Int : 0vector : (0.0, 0.0, 0.0, 1.0)
Name: _EmissiveColorMapType: TexEnvFloat: 0Color : RGBA(0.000, 0.000, 0.000, 0.000)Int : 0vector : (0.0, 0.0, 0.0, 0.0)
Name: _AlbedoAffectEmissiveType: FloatFloat: 0Color : RGBA(0.000, 0.000, 0.000, 0.000)Int : 0vector : (0.0, 0.0, 0.0, 0.0)
Name: _EmissiveIntensityUnitType: FloatFloat: 0Color : RGBA(0.000, 0.000, 0.000, 0.000)Int : 0vector : (0.0, 0.0, 0.0, 0.0)
Name: _UseEmissiveIntensityType: FloatFloat: 0Color : RGBA(0.000, 0.000, 0.000, 0.000)Int : 0vector : (0.0, 0.0, 0.0, 0.0)
Name: _EmissiveIntensityType: FloatFloat: 1Color : RGBA(0.000, 0.000, 0.000, 0.000)Int : 1vector : (0.0, 0.0, 0.0, 0.0)
Name: _EmissiveExposureWeightType: RangeFloat: 1Color : RGBA(0.000, 0.000, 0.000, 0.000)Int : 1vector : (0.0, 0.0, 0.0, 0.0)
Name: _DistortionVectorMapType: TexEnvFloat: 0Color : RGBA(0.000, 0.000, 0.000, 0.000)Int : 0vector : (0.0, 0.0, 0.0, 0.0)
Name: _DistortionEnableType: FloatFloat: 0Color : RGBA(0.000, 0.000, 0.000, 0.000)Int : 0vector : (0.0, 0.0, 0.0, 0.0)
Name: _DistortionDepthTestType: FloatFloat: 1Color : RGBA(0.000, 0.000, 0.000, 0.000)Int : 1vector : (0.0, 0.0, 0.0, 0.0)
Name: _DistortionBlendModeType: FloatFloat: 0Color : RGBA(0.000, 0.000, 0.000, 0.000)Int : 0vector : (0.0, 0.0, 0.0, 0.0)
Name: _DistortionSrcBlendType: FloatFloat: 1Color : RGBA(0.000, 0.000, 0.000, 0.000)Int : 1vector : (0.0, 0.0, 0.0, 0.0)
Name: _DistortionDstBlendType: FloatFloat: 1Color : RGBA(0.000, 0.000, 0.000, 0.000)Int : 1vector : (0.0, 0.0, 0.0, 0.0)
Name: _DistortionBlurSrcBlendType: FloatFloat: 1Color : RGBA(0.000, 0.000, 0.000, 0.000)Int : 1vector : (0.0, 0.0, 0.0, 0.0)
Name: _DistortionBlurDstBlendType: FloatFloat: 1Color : RGBA(0.000, 0.000, 0.000, 0.000)Int : 1vector : (0.0, 0.0, 0.0, 0.0)
Name: _DistortionBlurBlendModeType: FloatFloat: 0Color : RGBA(0.000, 0.000, 0.000, 0.000)Int : 0vector : (0.0, 0.0, 0.0, 0.0)
Name: _DistortionScaleType: FloatFloat: 1Color : RGBA(0.000, 0.000, 0.000, 0.000)Int : 1vector : (0.0, 0.0, 0.0, 0.0)
Name: _DistortionVectorScaleType: FloatFloat: 2Color : RGBA(0.000, 0.000, 0.000, 0.000)Int : 2vector : (0.0, 0.0, 0.0, 0.0)
Name: _DistortionVectorBiasType: FloatFloat: -1Color : RGBA(0.000, 0.000, 0.000, 0.000)Int : -1vector : (0.0, 0.0, 0.0, 0.0)
Name: _DistortionBlurScaleType: FloatFloat: 1Color : RGBA(0.000, 0.000, 0.000, 0.000)Int : 1vector : (0.0, 0.0, 0.0, 0.0)
Name: _DistortionBlurRemapMinType: FloatFloat: 0Color : RGBA(0.000, 0.000, 0.000, 0.000)Int : 0vector : (0.0, 0.0, 0.0, 0.0)
Name: _DistortionBlurRemapMaxType: FloatFloat: 1Color : RGBA(0.000, 0.000, 0.000, 0.000)Int : 1vector : (0.0, 0.0, 0.0, 0.0)
Name: _UseShadowThresholdType: FloatFloat: 0Color : RGBA(0.000, 0.000, 0.000, 0.000)Int : 0vector : (0.0, 0.0, 0.0, 0.0)
Name: _AlphaCutoffEnableType: FloatFloat: 1Color : RGBA(0.000, 0.000, 0.000, 0.000)Int : 1vector : (0.0, 0.0, 0.0, 0.0)
Name: _AlphaCutoffType: RangeFloat: 0.1Color : RGBA(0.000, 0.000, 0.000, 0.000)Int : 0vector : (0.0, 0.0, 0.0, 0.0)
Name: _AlphaCutoffShadowType: RangeFloat: 0.5Color : RGBA(0.000, 0.000, 0.000, 0.000)Int : 0vector : (0.0, 0.0, 0.0, 0.0)
Name: _AlphaCutoffPrepassType: RangeFloat: 1Color : RGBA(0.000, 0.000, 0.000, 0.000)Int : 1vector : (0.0, 0.0, 0.0, 0.0)
Name: _AlphaCutoffPostpassType: RangeFloat: 0.5Color : RGBA(0.000, 0.000, 0.000, 0.000)Int : 0vector : (0.0, 0.0, 0.0, 0.0)
Name: _TransparentDepthPrepassEnableType: FloatFloat: 1Color : RGBA(0.000, 0.000, 0.000, 0.000)Int : 1vector : (0.0, 0.0, 0.0, 0.0)
Name: _TransparentBackfaceEnableType: FloatFloat: 0Color : RGBA(0.000, 0.000, 0.000, 0.000)Int : 0vector : (0.0, 0.0, 0.0, 0.0)
Name: _TransparentDepthPostpassEnableType: FloatFloat: 1Color : RGBA(0.000, 0.000, 0.000, 0.000)Int : 1vector : (0.0, 0.0, 0.0, 0.0)
Name: _TransparentSortPriorityType: FloatFloat: 0Color : RGBA(0.000, 0.000, 0.000, 0.000)Int : 0vector : (0.0, 0.0, 0.0, 0.0)
Name: _RefractionModelType: FloatFloat: 0Color : RGBA(0.000, 0.000, 0.000, 0.000)Int : 0vector : (0.0, 0.0, 0.0, 0.0)
Name: _SSRefractionProjectionModelType: FloatFloat: 0Color : RGBA(0.000, 0.000, 0.000, 0.000)Int : 0vector : (0.0, 0.0, 0.0, 0.0)
Name: _IorType: RangeFloat: 1.5Color : RGBA(0.000, 0.000, 0.000, 0.000)Int : 1vector : (0.0, 0.0, 0.0, 0.0)
Name: _TransmittanceColorType: ColorFloat: 0Color : RGBA(1.000, 1.000, 1.000, 1.000)Int : 0vector : (1.0, 1.0, 1.0, 1.0)
Name: _TransmittanceColorMapType: TexEnvFloat: 0Color : RGBA(0.000, 0.000, 0.000, 0.000)Int : 0vector : (0.0, 0.0, 0.0, 0.0)
Name: _ATDistanceType: FloatFloat: 1Color : RGBA(0.000, 0.000, 0.000, 0.000)Int : 1vector : (0.0, 0.0, 0.0, 0.0)
Name: _TransparentWritingMotionVecType: FloatFloat: 0Color : RGBA(0.000, 0.000, 0.000, 0.000)Int : 0vector : (0.0, 0.0, 0.0, 0.0)
Name: _StencilRefType: FloatFloat: 0Color : RGBA(0.000, 0.000, 0.000, 0.000)Int : 0vector : (0.0, 0.0, 0.0, 0.0)
Name: _StencilWriteMaskType: FloatFloat: 6Color : RGBA(0.000, 0.000, 0.000, 0.000)Int : 6vector : (0.0, 0.0, 0.0, 0.0)
Name: _StencilRefGBufferType: FloatFloat: 10Color : RGBA(0.000, 0.000, 0.000, 0.000)Int : 10vector : (0.0, 0.0, 0.0, 0.0)
Name: _StencilWriteMaskGBufferType: FloatFloat: 14Color : RGBA(0.000, 0.000, 0.000, 0.000)Int : 14vector : (0.0, 0.0, 0.0, 0.0)
Name: _StencilRefDepthType: FloatFloat: 8Color : RGBA(0.000, 0.000, 0.000, 0.000)Int : 8vector : (0.0, 0.0, 0.0, 0.0)
Name: _StencilWriteMaskDepthType: FloatFloat: 8Color : RGBA(0.000, 0.000, 0.000, 0.000)Int : 8vector : (0.0, 0.0, 0.0, 0.0)
Name: _StencilRefMVType: FloatFloat: 40Color : RGBA(0.000, 0.000, 0.000, 0.000)Int : 40vector : (0.0, 0.0, 0.0, 0.0)
Name: _StencilWriteMaskMVType: FloatFloat: 40Color : RGBA(0.000, 0.000, 0.000, 0.000)Int : 40vector : (0.0, 0.0, 0.0, 0.0)
Name: _StencilRefDistortionVecType: FloatFloat: 4Color : RGBA(0.000, 0.000, 0.000, 0.000)Int : 4vector : (0.0, 0.0, 0.0, 0.0)
Name: _StencilWriteMaskDistortionVecType: FloatFloat: 4Color : RGBA(0.000, 0.000, 0.000, 0.000)Int : 4vector : (0.0, 0.0, 0.0, 0.0)
Name: _SurfaceTypeType: FloatFloat: 1Color : RGBA(0.000, 0.000, 0.000, 0.000)Int : 1vector : (0.0, 0.0, 0.0, 0.0)
Name: _BlendModeType: FloatFloat: 0Color : RGBA(0.000, 0.000, 0.000, 0.000)Int : 0vector : (0.0, 0.0, 0.0, 0.0)
Name: _SrcBlendType: FloatFloat: 1Color : RGBA(0.000, 0.000, 0.000, 0.000)Int : 1vector : (0.0, 0.0, 0.0, 0.0)
Name: _DstBlendType: FloatFloat: 10Color : RGBA(0.000, 0.000, 0.000, 0.000)Int : 10vector : (0.0, 0.0, 0.0, 0.0)
Name: _AlphaSrcBlendType: FloatFloat: 1Color : RGBA(0.000, 0.000, 0.000, 0.000)Int : 1vector : (0.0, 0.0, 0.0, 0.0)
Name: _AlphaDstBlendType: FloatFloat: 10Color : RGBA(0.000, 0.000, 0.000, 0.000)Int : 10vector : (0.0, 0.0, 0.0, 0.0)
Name: _ZWriteType: FloatFloat: 0Color : RGBA(0.000, 0.000, 0.000, 0.000)Int : 0vector : (0.0, 0.0, 0.0, 0.0)
Name: _TransparentZWriteType: FloatFloat: 0Color : RGBA(0.000, 0.000, 0.000, 0.000)Int : 0vector : (0.0, 0.0, 0.0, 0.0)
Name: _CullModeType: FloatFloat: 2Color : RGBA(0.000, 0.000, 0.000, 0.000)Int : 2vector : (0.0, 0.0, 0.0, 0.0)
Name: _CullModeForwardType: FloatFloat: 2Color : RGBA(0.000, 0.000, 0.000, 0.000)Int : 2vector : (0.0, 0.0, 0.0, 0.0)
Name: _TransparentCullModeType: FloatFloat: 2Color : RGBA(0.000, 0.000, 0.000, 0.000)Int : 2vector : (0.0, 0.0, 0.0, 0.0)
Name: _ZTestDepthEqualForOpaqueType: FloatFloat: 4Color : RGBA(0.000, 0.000, 0.000, 0.000)Int : 4vector : (0.0, 0.0, 0.0, 0.0)
Name: _ZTestModeDistortionType: FloatFloat: 4Color : RGBA(0.000, 0.000, 0.000, 0.000)Int : 4vector : (0.0, 0.0, 0.0, 0.0)
Name: _ZTestGBufferType: FloatFloat: 4Color : RGBA(0.000, 0.000, 0.000, 0.000)Int : 4vector : (0.0, 0.0, 0.0, 0.0)
Name: _ZTestTransparentType: FloatFloat: 4Color : RGBA(0.000, 0.000, 0.000, 0.000)Int : 4vector : (0.0, 0.0, 0.0, 0.0)
Name: _EnableFogOnTransparentType: FloatFloat: 1Color : RGBA(0.000, 0.000, 0.000, 0.000)Int : 1vector : (0.0, 0.0, 0.0, 0.0)
Name: _EnableBlendModePreserveSpecularLightingType: FloatFloat: 1Color : RGBA(0.000, 0.000, 0.000, 0.000)Int : 1vector : (0.0, 0.0, 0.0, 0.0)
Name: _DoubleSidedEnableType: FloatFloat: 0Color : RGBA(0.000, 0.000, 0.000, 0.000)Int : 0vector : (0.0, 0.0, 0.0, 0.0)
Name: _DoubleSidedNormalModeType: FloatFloat: 1Color : RGBA(0.000, 0.000, 0.000, 0.000)Int : 1vector : (0.0, 0.0, 0.0, 0.0)
Name: _DoubleSidedConstantsType: VectorFloat: 0Color : RGBA(1.000, 1.000, -1.000, 0.000)Int : 0vector : (1.0, 1.0, -1.0, 0.0)
Name: _UVBaseType: FloatFloat: 0Color : RGBA(0.000, 0.000, 0.000, 0.000)Int : 0vector : (0.0, 0.0, 0.0, 0.0)
Name: _TexWorldScaleType: FloatFloat: 1Color : RGBA(0.000, 0.000, 0.000, 0.000)Int : 1vector : (0.0, 0.0, 0.0, 0.0)
Name: _InvTilingScaleType: FloatFloat: 1Color : RGBA(0.000, 0.000, 0.000, 0.000)Int : 1vector : (0.0, 0.0, 0.0, 0.0)
Name: _UVMappingMaskType: ColorFloat: 0Color : RGBA(1.000, 0.000, 0.000, 0.000)Int : 0vector : (1.0, 0.0, 0.0, 0.0)
Name: _NormalMapSpaceType: FloatFloat: 0Color : RGBA(0.000, 0.000, 0.000, 0.000)Int : 0vector : (0.0, 0.0, 0.0, 0.0)
Name: _MaterialIDType: FloatFloat: 1Color : RGBA(0.000, 0.000, 0.000, 0.000)Int : 1vector : (0.0, 0.0, 0.0, 0.0)
Name: _TransmissionEnableType: FloatFloat: 1Color : RGBA(0.000, 0.000, 0.000, 0.000)Int : 1vector : (0.0, 0.0, 0.0, 0.0)
Name: _DisplacementModeType: FloatFloat: 0Color : RGBA(0.000, 0.000, 0.000, 0.000)Int : 0vector : (0.0, 0.0, 0.0, 0.0)
Name: _DisplacementLockObjectScaleType: FloatFloat: 1Color : RGBA(0.000, 0.000, 0.000, 0.000)Int : 1vector : (0.0, 0.0, 0.0, 0.0)
Name: _DisplacementLockTilingScaleType: FloatFloat: 1Color : RGBA(0.000, 0.000, 0.000, 0.000)Int : 1vector : (0.0, 0.0, 0.0, 0.0)
Name: _DepthOffsetEnableType: FloatFloat: 0Color : RGBA(0.000, 0.000, 0.000, 0.000)Int : 0vector : (0.0, 0.0, 0.0, 0.0)
Name: _EnableGeometricSpecularAAType: FloatFloat: 0Color : RGBA(0.000, 0.000, 0.000, 0.000)Int : 0vector : (0.0, 0.0, 0.0, 0.0)
Name: _SpecularAAScreenSpaceVarianceType: RangeFloat: 0.1Color : RGBA(0.000, 0.000, 0.000, 0.000)Int : 0vector : (0.0, 0.0, 0.0, 0.0)
Name: _SpecularAAThresholdType: RangeFloat: 0.2Color : RGBA(0.000, 0.000, 0.000, 0.000)Int : 0vector : (0.0, 0.0, 0.0, 0.0)
Name: _PPDMinSamplesType: RangeFloat: 5Color : RGBA(0.000, 0.000, 0.000, 0.000)Int : 5vector : (0.0, 0.0, 0.0, 0.0)
Name: _PPDMaxSamplesType: RangeFloat: 15Color : RGBA(0.000, 0.000, 0.000, 0.000)Int : 15vector : (0.0, 0.0, 0.0, 0.0)
Name: _PPDLodThresholdType: RangeFloat: 5Color : RGBA(0.000, 0.000, 0.000, 0.000)Int : 5vector : (0.0, 0.0, 0.0, 0.0)
Name: _PPDPrimitiveLengthType: FloatFloat: 1Color : RGBA(0.000, 0.000, 0.000, 0.000)Int : 1vector : (0.0, 0.0, 0.0, 0.0)
Name: _PPDPrimitiveWidthType: FloatFloat: 1Color : RGBA(0.000, 0.000, 0.000, 0.000)Int : 1vector : (0.0, 0.0, 0.0, 0.0)
Name: _InvPrimScaleType: VectorFloat: 0Color : RGBA(1.000, 1.000, 0.000, 0.000)Int : 0vector : (1.0, 1.0, 0.0, 0.0)
Name: _UVDetailType: FloatFloat: 0Color : RGBA(0.000, 0.000, 0.000, 0.000)Int : 0vector : (0.0, 0.0, 0.0, 0.0)
Name: _UVDetailsMappingMaskType: ColorFloat: 0Color : RGBA(1.000, 0.000, 0.000, 0.000)Int : 0vector : (1.0, 0.0, 0.0, 0.0)
Name: _LinkDetailsWithBaseType: FloatFloat: 1Color : RGBA(0.000, 0.000, 0.000, 0.000)Int : 1vector : (0.0, 0.0, 0.0, 0.0)
Name: _EmissiveColorModeType: FloatFloat: 1Color : RGBA(0.000, 0.000, 0.000, 0.000)Int : 1vector : (0.0, 0.0, 0.0, 0.0)
Name: _UVEmissiveType: FloatFloat: 0Color : RGBA(0.000, 0.000, 0.000, 0.000)Int : 0vector : (0.0, 0.0, 0.0, 0.0)
Name: _TexWorldScaleEmissiveType: FloatFloat: 1Color : RGBA(0.000, 0.000, 0.000, 0.000)Int : 1vector : (0.0, 0.0, 0.0, 0.0)
Name: _UVMappingMaskEmissiveType: ColorFloat: 0Color : RGBA(1.000, 0.000, 0.000, 0.000)Int : 0vector : (1.0, 0.0, 0.0, 0.0)
Name: _EmissionColorType: ColorFloat: 0Color : RGBA(1.000, 1.000, 1.000, 1.000)Int : 0vector : (1.0, 1.0, 1.0, 1.0)
Name: _MainTexType: TexEnvFloat: 0Color : RGBA(0.000, 0.000, 0.000, 0.000)Int : 0vector : (0.0, 0.0, 0.0, 0.0)
Name: _ColorType: ColorFloat: 0Color : RGBA(1.000, 1.000, 1.000, 1.000)Int : 0vector : (1.0, 1.0, 1.0, 1.0)
Name: _CutoffType: RangeFloat: 0.1Color : RGBA(0.000, 0.000, 0.000, 0.000)Int : 0vector : (0.0, 0.0, 0.0, 0.0)
Name: _SupportDecalsType: FloatFloat: 1Color : RGBA(0.000, 0.000, 0.000, 0.000)Int : 1vector : (0.0, 0.0, 0.0, 0.0)
Name: _ReceivesSSRType: FloatFloat: 1Color : RGBA(0.000, 0.000, 0.000, 0.000)Int : 1vector : (0.0, 0.0, 0.0, 0.0)
Name: _AddPrecomputedVelocityType: FloatFloat: 0Color : RGBA(0.000, 0.000, 0.000, 0.000)Int : 0vector : (0.0, 0.0, 0.0, 0.0)
Name: _DiffusionProfileType: FloatFloat: 0Color : RGBA(0.000, 0.000, 0.000, 0.000)Int : 0vector : (0.0, 0.0, 0.0, 0.0)
Name: _DiffusionProfileAssetType: VectorFloat: 0Color : RGBA(0.000, 0.000, 0.000, 0.000)Int : 0vector : (0.0, 0.0, 0.0, 0.0)
Name: _DiffusionProfileHashType: FloatFloat: 0Color : RGBA(0.000, 0.000, 0.000, 0.000)Int : 0vector : (0.0, 0.0, 0.0, 0.0)

2/2/2021 3:32:43 PM: New Session Started
2/2/2021 3:32:43 PM: Name: _BaseColorType: ColorFloat: 0Color : RGBA(1.000, 1.000, 1.000, 1.000)Int : 0vector : (1.0, 1.0, 1.0, 1.0)
Name: _BaseColorMapType: TexEnvFloat: 0Color : RGBA(0.000, 0.000, 0.000, 0.000)Int : 0vector : (0.0, 0.0, 0.0, 0.0)
Name: _BaseColorMap_MipInfoType: VectorFloat: 0Color : RGBA(0.000, 0.000, 0.000, 0.000)Int : 0vector : (0.0, 0.0, 0.0, 0.0)
Name: _MetallicType: RangeFloat: 0Color : RGBA(0.000, 0.000, 0.000, 0.000)Int : 0vector : (0.0, 0.0, 0.0, 0.0)
Name: _SmoothnessType: RangeFloat: 0.394Color : RGBA(0.000, 0.000, 0.000, 0.000)Int : 0vector : (0.0, 0.0, 0.0, 0.0)
Name: _MaskMapType: TexEnvFloat: 0Color : RGBA(0.000, 0.000, 0.000, 0.000)Int : 0vector : (0.0, 0.0, 0.0, 0.0)
Name: _SmoothnessRemapMinType: FloatFloat: 0Color : RGBA(0.000, 0.000, 0.000, 0.000)Int : 0vector : (0.0, 0.0, 0.0, 0.0)
Name: _SmoothnessRemapMaxType: FloatFloat: 1Color : RGBA(0.000, 0.000, 0.000, 0.000)Int : 1vector : (0.0, 0.0, 0.0, 0.0)
Name: _AORemapMinType: FloatFloat: 0Color : RGBA(0.000, 0.000, 0.000, 0.000)Int : 0vector : (0.0, 0.0, 0.0, 0.0)
Name: _AORemapMaxType: FloatFloat: 1Color : RGBA(0.000, 0.000, 0.000, 0.000)Int : 1vector : (0.0, 0.0, 0.0, 0.0)
Name: _NormalMapType: TexEnvFloat: 0Color : RGBA(0.000, 0.000, 0.000, 0.000)Int : 0vector : (0.0, 0.0, 0.0, 0.0)
Name: _NormalMapOSType: TexEnvFloat: 0Color : RGBA(0.000, 0.000, 0.000, 0.000)Int : 0vector : (0.0, 0.0, 0.0, 0.0)
Name: _NormalScaleType: RangeFloat: 1Color : RGBA(0.000, 0.000, 0.000, 0.000)Int : 1vector : (0.0, 0.0, 0.0, 0.0)
Name: _BentNormalMapType: TexEnvFloat: 0Color : RGBA(0.000, 0.000, 0.000, 0.000)Int : 0vector : (0.0, 0.0, 0.0, 0.0)
Name: _BentNormalMapOSType: TexEnvFloat: 0Color : RGBA(0.000, 0.000, 0.000, 0.000)Int : 0vector : (0.0, 0.0, 0.0, 0.0)
Name: _HeightMapType: TexEnvFloat: 0Color : RGBA(0.000, 0.000, 0.000, 0.000)Int : 0vector : (0.0, 0.0, 0.0, 0.0)
Name: _HeightAmplitudeType: FloatFloat: 0.02Color : RGBA(0.000, 0.000, 0.000, 0.000)Int : 0vector : (0.0, 0.0, 0.0, 0.0)
Name: _HeightCenterType: RangeFloat: 0.5Color : RGBA(0.000, 0.000, 0.000, 0.000)Int : 0vector : (0.0, 0.0, 0.0, 0.0)
Name: _HeightMapParametrizationType: FloatFloat: 0Color : RGBA(0.000, 0.000, 0.000, 0.000)Int : 0vector : (0.0, 0.0, 0.0, 0.0)
Name: _HeightOffsetType: FloatFloat: 0Color : RGBA(0.000, 0.000, 0.000, 0.000)Int : 0vector : (0.0, 0.0, 0.0, 0.0)
Name: _HeightMinType: FloatFloat: -1Color : RGBA(0.000, 0.000, 0.000, 0.000)Int : -1vector : (0.0, 0.0, 0.0, 0.0)
Name: _HeightMaxType: FloatFloat: 1Color : RGBA(0.000, 0.000, 0.000, 0.000)Int : 1vector : (0.0, 0.0, 0.0, 0.0)
Name: _HeightTessAmplitudeType: FloatFloat: 2Color : RGBA(0.000, 0.000, 0.000, 0.000)Int : 2vector : (0.0, 0.0, 0.0, 0.0)
Name: _HeightTessCenterType: RangeFloat: 0.5Color : RGBA(0.000, 0.000, 0.000, 0.000)Int : 0vector : (0.0, 0.0, 0.0, 0.0)
Name: _HeightPoMAmplitudeType: FloatFloat: 2Color : RGBA(0.000, 0.000, 0.000, 0.000)Int : 2vector : (0.0, 0.0, 0.0, 0.0)
Name: _DetailMapType: TexEnvFloat: 0Color : RGBA(0.000, 0.000, 0.000, 0.000)Int : 0vector : (0.0, 0.0, 0.0, 0.0)
Name: _DetailAlbedoScaleType: RangeFloat: 1Color : RGBA(0.000, 0.000, 0.000, 0.000)Int : 1vector : (0.0, 0.0, 0.0, 0.0)
Name: _DetailNormalScaleType: RangeFloat: 1Color : RGBA(0.000, 0.000, 0.000, 0.000)Int : 1vector : (0.0, 0.0, 0.0, 0.0)
Name: _DetailSmoothnessScaleType: RangeFloat: 1Color : RGBA(0.000, 0.000, 0.000, 0.000)Int : 1vector : (0.0, 0.0, 0.0, 0.0)
Name: _TangentMapType: TexEnvFloat: 0Color : RGBA(0.000, 0.000, 0.000, 0.000)Int : 0vector : (0.0, 0.0, 0.0, 0.0)
Name: _TangentMapOSType: TexEnvFloat: 0Color : RGBA(0.000, 0.000, 0.000, 0.000)Int : 0vector : (0.0, 0.0, 0.0, 0.0)
Name: _AnisotropyType: RangeFloat: 0Color : RGBA(0.000, 0.000, 0.000, 0.000)Int : 0vector : (0.0, 0.0, 0.0, 0.0)
Name: _AnisotropyMapType: TexEnvFloat: 0Color : RGBA(0.000, 0.000, 0.000, 0.000)Int : 0vector : (0.0, 0.0, 0.0, 0.0)
Name: _SubsurfaceMaskType: RangeFloat: 1Color : RGBA(0.000, 0.000, 0.000, 0.000)Int : 1vector : (0.0, 0.0, 0.0, 0.0)
Name: _SubsurfaceMaskMapType: TexEnvFloat: 0Color : RGBA(0.000, 0.000, 0.000, 0.000)Int : 0vector : (0.0, 0.0, 0.0, 0.0)
Name: _ThicknessType: RangeFloat: 1Color : RGBA(0.000, 0.000, 0.000, 0.000)Int : 1vector : (0.0, 0.0, 0.0, 0.0)
Name: _ThicknessMapType: TexEnvFloat: 0Color : RGBA(0.000, 0.000, 0.000, 0.000)Int : 0vector : (0.0, 0.0, 0.0, 0.0)
Name: _ThicknessRemapType: VectorFloat: 0Color : RGBA(0.000, 1.000, 0.000, 0.000)Int : 0vector : (0.0, 1.0, 0.0, 0.0)
Name: _IridescenceThicknessType: RangeFloat: 1Color : RGBA(0.000, 0.000, 0.000, 0.000)Int : 1vector : (0.0, 0.0, 0.0, 0.0)
Name: _IridescenceThicknessMapType: TexEnvFloat: 0Color : RGBA(0.000, 0.000, 0.000, 0.000)Int : 0vector : (0.0, 0.0, 0.0, 0.0)
Name: _IridescenceThicknessRemapType: VectorFloat: 0Color : RGBA(0.000, 1.000, 0.000, 0.000)Int : 0vector : (0.0, 1.0, 0.0, 0.0)
Name: _IridescenceMaskType: RangeFloat: 1Color : RGBA(0.000, 0.000, 0.000, 0.000)Int : 1vector : (0.0, 0.0, 0.0, 0.0)
Name: _IridescenceMaskMapType: TexEnvFloat: 0Color : RGBA(0.000, 0.000, 0.000, 0.000)Int : 0vector : (0.0, 0.0, 0.0, 0.0)
Name: _CoatMaskType: RangeFloat: 0Color : RGBA(0.000, 0.000, 0.000, 0.000)Int : 0vector : (0.0, 0.0, 0.0, 0.0)
Name: _CoatMaskMapType: TexEnvFloat: 0Color : RGBA(0.000, 0.000, 0.000, 0.000)Int : 0vector : (0.0, 0.0, 0.0, 0.0)
Name: _EnergyConservingSpecularColorType: FloatFloat: 1Color : RGBA(0.000, 0.000, 0.000, 0.000)Int : 1vector : (0.0, 0.0, 0.0, 0.0)
Name: _SpecularColorType: ColorFloat: 0Color : RGBA(1.000, 1.000, 1.000, 1.000)Int : 0vector : (1.0, 1.0, 1.0, 1.0)
Name: _SpecularColorMapType: TexEnvFloat: 0Color : RGBA(0.000, 0.000, 0.000, 0.000)Int : 0vector : (0.0, 0.0, 0.0, 0.0)
Name: _SpecularOcclusionModeType: FloatFloat: 1Color : RGBA(0.000, 0.000, 0.000, 0.000)Int : 1vector : (0.0, 0.0, 0.0, 0.0)
Name: _EmissiveColorType: ColorFloat: 0Color : RGBA(0.000, 0.000, 0.000, 1.000)Int : 0vector : (0.0, 0.0, 0.0, 1.0)
Name: _EmissiveColorLDRType: ColorFloat: 0Color : RGBA(0.000, 0.000, 0.000, 1.000)Int : 0vector : (0.0, 0.0, 0.0, 1.0)
Name: _EmissiveColorMapType: TexEnvFloat: 0Color : RGBA(0.000, 0.000, 0.000, 0.000)Int : 0vector : (0.0, 0.0, 0.0, 0.0)
Name: _AlbedoAffectEmissiveType: FloatFloat: 0Color : RGBA(0.000, 0.000, 0.000, 0.000)Int : 0vector : (0.0, 0.0, 0.0, 0.0)
Name: _EmissiveIntensityUnitType: FloatFloat: 0Color : RGBA(0.000, 0.000, 0.000, 0.000)Int : 0vector : (0.0, 0.0, 0.0, 0.0)
Name: _UseEmissiveIntensityType: FloatFloat: 0Color : RGBA(0.000, 0.000, 0.000, 0.000)Int : 0vector : (0.0, 0.0, 0.0, 0.0)
Name: _EmissiveIntensityType: FloatFloat: 1Color : RGBA(0.000, 0.000, 0.000, 0.000)Int : 1vector : (0.0, 0.0, 0.0, 0.0)
Name: _EmissiveExposureWeightType: RangeFloat: 1Color : RGBA(0.000, 0.000, 0.000, 0.000)Int : 1vector : (0.0, 0.0, 0.0, 0.0)
Name: _DistortionVectorMapType: TexEnvFloat: 0Color : RGBA(0.000, 0.000, 0.000, 0.000)Int : 0vector : (0.0, 0.0, 0.0, 0.0)
Name: _DistortionEnableType: FloatFloat: 0Color : RGBA(0.000, 0.000, 0.000, 0.000)Int : 0vector : (0.0, 0.0, 0.0, 0.0)
Name: _DistortionDepthTestType: FloatFloat: 1Color : RGBA(0.000, 0.000, 0.000, 0.000)Int : 1vector : (0.0, 0.0, 0.0, 0.0)
Name: _DistortionBlendModeType: FloatFloat: 0Color : RGBA(0.000, 0.000, 0.000, 0.000)Int : 0vector : (0.0, 0.0, 0.0, 0.0)
Name: _DistortionSrcBlendType: FloatFloat: 1Color : RGBA(0.000, 0.000, 0.000, 0.000)Int : 1vector : (0.0, 0.0, 0.0, 0.0)
Name: _DistortionDstBlendType: FloatFloat: 1Color : RGBA(0.000, 0.000, 0.000, 0.000)Int : 1vector : (0.0, 0.0, 0.0, 0.0)
Name: _DistortionBlurSrcBlendType: FloatFloat: 1Color : RGBA(0.000, 0.000, 0.000, 0.000)Int : 1vector : (0.0, 0.0, 0.0, 0.0)
Name: _DistortionBlurDstBlendType: FloatFloat: 1Color : RGBA(0.000, 0.000, 0.000, 0.000)Int : 1vector : (0.0, 0.0, 0.0, 0.0)
Name: _DistortionBlurBlendModeType: FloatFloat: 0Color : RGBA(0.000, 0.000, 0.000, 0.000)Int : 0vector : (0.0, 0.0, 0.0, 0.0)
Name: _DistortionScaleType: FloatFloat: 1Color : RGBA(0.000, 0.000, 0.000, 0.000)Int : 1vector : (0.0, 0.0, 0.0, 0.0)
Name: _DistortionVectorScaleType: FloatFloat: 2Color : RGBA(0.000, 0.000, 0.000, 0.000)Int : 2vector : (0.0, 0.0, 0.0, 0.0)
Name: _DistortionVectorBiasType: FloatFloat: -1Color : RGBA(0.000, 0.000, 0.000, 0.000)Int : -1vector : (0.0, 0.0, 0.0, 0.0)
Name: _DistortionBlurScaleType: FloatFloat: 1Color : RGBA(0.000, 0.000, 0.000, 0.000)Int : 1vector : (0.0, 0.0, 0.0, 0.0)
Name: _DistortionBlurRemapMinType: FloatFloat: 0Color : RGBA(0.000, 0.000, 0.000, 0.000)Int : 0vector : (0.0, 0.0, 0.0, 0.0)
Name: _DistortionBlurRemapMaxType: FloatFloat: 1Color : RGBA(0.000, 0.000, 0.000, 0.000)Int : 1vector : (0.0, 0.0, 0.0, 0.0)
Name: _UseShadowThresholdType: FloatFloat: 0Color : RGBA(0.000, 0.000, 0.000, 0.000)Int : 0vector : (0.0, 0.0, 0.0, 0.0)
Name: _AlphaCutoffEnableType: FloatFloat: 1Color : RGBA(0.000, 0.000, 0.000, 0.000)Int : 1vector : (0.0, 0.0, 0.0, 0.0)
Name: _AlphaCutoffType: RangeFloat: 0.1Color : RGBA(0.000, 0.000, 0.000, 0.000)Int : 0vector : (0.0, 0.0, 0.0, 0.0)
Name: _AlphaCutoffShadowType: RangeFloat: 0.5Color : RGBA(0.000, 0.000, 0.000, 0.000)Int : 0vector : (0.0, 0.0, 0.0, 0.0)
Name: _AlphaCutoffPrepassType: RangeFloat: 1Color : RGBA(0.000, 0.000, 0.000, 0.000)Int : 1vector : (0.0, 0.0, 0.0, 0.0)
Name: _AlphaCutoffPostpassType: RangeFloat: 0.5Color : RGBA(0.000, 0.000, 0.000, 0.000)Int : 0vector : (0.0, 0.0, 0.0, 0.0)
Name: _TransparentDepthPrepassEnableType: FloatFloat: 1Color : RGBA(0.000, 0.000, 0.000, 0.000)Int : 1vector : (0.0, 0.0, 0.0, 0.0)
Name: _TransparentBackfaceEnableType: FloatFloat: 0Color : RGBA(0.000, 0.000, 0.000, 0.000)Int : 0vector : (0.0, 0.0, 0.0, 0.0)
Name: _TransparentDepthPostpassEnableType: FloatFloat: 1Color : RGBA(0.000, 0.000, 0.000, 0.000)Int : 1vector : (0.0, 0.0, 0.0, 0.0)
Name: _TransparentSortPriorityType: FloatFloat: 0Color : RGBA(0.000, 0.000, 0.000, 0.000)Int : 0vector : (0.0, 0.0, 0.0, 0.0)
Name: _RefractionModelType: FloatFloat: 0Color : RGBA(0.000, 0.000, 0.000, 0.000)Int : 0vector : (0.0, 0.0, 0.0, 0.0)
Name: _SSRefractionProjectionModelType: FloatFloat: 0Color : RGBA(0.000, 0.000, 0.000, 0.000)Int : 0vector : (0.0, 0.0, 0.0, 0.0)
Name: _IorType: RangeFloat: 1.5Color : RGBA(0.000, 0.000, 0.000, 0.000)Int : 1vector : (0.0, 0.0, 0.0, 0.0)
Name: _TransmittanceColorType: ColorFloat: 0Color : RGBA(1.000, 1.000, 1.000, 1.000)Int : 0vector : (1.0, 1.0, 1.0, 1.0)
Name: _TransmittanceColorMapType: TexEnvFloat: 0Color : RGBA(0.000, 0.000, 0.000, 0.000)Int : 0vector : (0.0, 0.0, 0.0, 0.0)
Name: _ATDistanceType: FloatFloat: 1Color : RGBA(0.000, 0.000, 0.000, 0.000)Int : 1vector : (0.0, 0.0, 0.0, 0.0)
Name: _TransparentWritingMotionVecType: FloatFloat: 0Color : RGBA(0.000, 0.000, 0.000, 0.000)Int : 0vector : (0.0, 0.0, 0.0, 0.0)
Name: _StencilRefType: FloatFloat: 0Color : RGBA(0.000, 0.000, 0.000, 0.000)Int : 0vector : (0.0, 0.0, 0.0, 0.0)
Name: _StencilWriteMaskType: FloatFloat: 6Color : RGBA(0.000, 0.000, 0.000, 0.000)Int : 6vector : (0.0, 0.0, 0.0, 0.0)
Name: _StencilRefGBufferType: FloatFloat: 10Color : RGBA(0.000, 0.000, 0.000, 0.000)Int : 10vector : (0.0, 0.0, 0.0, 0.0)
Name: _StencilWriteMaskGBufferType: FloatFloat: 14Color : RGBA(0.000, 0.000, 0.000, 0.000)Int : 14vector : (0.0, 0.0, 0.0, 0.0)
Name: _StencilRefDepthType: FloatFloat: 8Color : RGBA(0.000, 0.000, 0.000, 0.000)Int : 8vector : (0.0, 0.0, 0.0, 0.0)
Name: _StencilWriteMaskDepthType: FloatFloat: 8Color : RGBA(0.000, 0.000, 0.000, 0.000)Int : 8vector : (0.0, 0.0, 0.0, 0.0)
Name: _StencilRefMVType: FloatFloat: 40Color : RGBA(0.000, 0.000, 0.000, 0.000)Int : 40vector : (0.0, 0.0, 0.0, 0.0)
Name: _StencilWriteMaskMVType: FloatFloat: 40Color : RGBA(0.000, 0.000, 0.000, 0.000)Int : 40vector : (0.0, 0.0, 0.0, 0.0)
Name: _StencilRefDistortionVecType: FloatFloat: 4Color : RGBA(0.000, 0.000, 0.000, 0.000)Int : 4vector : (0.0, 0.0, 0.0, 0.0)
Name: _StencilWriteMaskDistortionVecType: FloatFloat: 4Color : RGBA(0.000, 0.000, 0.000, 0.000)Int : 4vector : (0.0, 0.0, 0.0, 0.0)
Name: _SurfaceTypeType: FloatFloat: 1Color : RGBA(0.000, 0.000, 0.000, 0.000)Int : 1vector : (0.0, 0.0, 0.0, 0.0)
Name: _BlendModeType: FloatFloat: 0Color : RGBA(0.000, 0.000, 0.000, 0.000)Int : 0vector : (0.0, 0.0, 0.0, 0.0)
Name: _SrcBlendType: FloatFloat: 1Color : RGBA(0.000, 0.000, 0.000, 0.000)Int : 1vector : (0.0, 0.0, 0.0, 0.0)
Name: _DstBlendType: FloatFloat: 10Color : RGBA(0.000, 0.000, 0.000, 0.000)Int : 10vector : (0.0, 0.0, 0.0, 0.0)
Name: _AlphaSrcBlendType: FloatFloat: 1Color : RGBA(0.000, 0.000, 0.000, 0.000)Int : 1vector : (0.0, 0.0, 0.0, 0.0)
Name: _AlphaDstBlendType: FloatFloat: 10Color : RGBA(0.000, 0.000, 0.000, 0.000)Int : 10vector : (0.0, 0.0, 0.0, 0.0)
Name: _ZWriteType: FloatFloat: 0Color : RGBA(0.000, 0.000, 0.000, 0.000)Int : 0vector : (0.0, 0.0, 0.0, 0.0)
Name: _TransparentZWriteType: FloatFloat: 0Color : RGBA(0.000, 0.000, 0.000, 0.000)Int : 0vector : (0.0, 0.0, 0.0, 0.0)
Name: _CullModeType: FloatFloat: 2Color : RGBA(0.000, 0.000, 0.000, 0.000)Int : 2vector : (0.0, 0.0, 0.0, 0.0)
Name: _CullModeForwardType: FloatFloat: 2Color : RGBA(0.000, 0.000, 0.000, 0.000)Int : 2vector : (0.0, 0.0, 0.0, 0.0)
Name: _TransparentCullModeType: FloatFloat: 2Color : RGBA(0.000, 0.000, 0.000, 0.000)Int : 2vector : (0.0, 0.0, 0.0, 0.0)
Name: _ZTestDepthEqualForOpaqueType: FloatFloat: 4Color : RGBA(0.000, 0.000, 0.000, 0.000)Int : 4vector : (0.0, 0.0, 0.0, 0.0)
Name: _ZTestModeDistortionType: FloatFloat: 4Color : RGBA(0.000, 0.000, 0.000, 0.000)Int : 4vector : (0.0, 0.0, 0.0, 0.0)
Name: _ZTestGBufferType: FloatFloat: 4Color : RGBA(0.000, 0.000, 0.000, 0.000)Int : 4vector : (0.0, 0.0, 0.0, 0.0)
Name: _ZTestTransparentType: FloatFloat: 4Color : RGBA(0.000, 0.000, 0.000, 0.000)Int : 4vector : (0.0, 0.0, 0.0, 0.0)
Name: _EnableFogOnTransparentType: FloatFloat: 1Color : RGBA(0.000, 0.000, 0.000, 0.000)Int : 1vector : (0.0, 0.0, 0.0, 0.0)
Name: _EnableBlendModePreserveSpecularLightingType: FloatFloat: 1Color : RGBA(0.000, 0.000, 0.000, 0.000)Int : 1vector : (0.0, 0.0, 0.0, 0.0)
Name: _DoubleSidedEnableType: FloatFloat: 0Color : RGBA(0.000, 0.000, 0.000, 0.000)Int : 0vector : (0.0, 0.0, 0.0, 0.0)
Name: _DoubleSidedNormalModeType: FloatFloat: 1Color : RGBA(0.000, 0.000, 0.000, 0.000)Int : 1vector : (0.0, 0.0, 0.0, 0.0)
Name: _DoubleSidedConstantsType: VectorFloat: 0Color : RGBA(1.000, 1.000, -1.000, 0.000)Int : 0vector : (1.0, 1.0, -1.0, 0.0)
Name: _UVBaseType: FloatFloat: 0Color : RGBA(0.000, 0.000, 0.000, 0.000)Int : 0vector : (0.0, 0.0, 0.0, 0.0)
Name: _TexWorldScaleType: FloatFloat: 1Color : RGBA(0.000, 0.000, 0.000, 0.000)Int : 1vector : (0.0, 0.0, 0.0, 0.0)
Name: _InvTilingScaleType: FloatFloat: 1Color : RGBA(0.000, 0.000, 0.000, 0.000)Int : 1vector : (0.0, 0.0, 0.0, 0.0)
Name: _UVMappingMaskType: ColorFloat: 0Color : RGBA(1.000, 0.000, 0.000, 0.000)Int : 0vector : (1.0, 0.0, 0.0, 0.0)
Name: _NormalMapSpaceType: FloatFloat: 0Color : RGBA(0.000, 0.000, 0.000, 0.000)Int : 0vector : (0.0, 0.0, 0.0, 0.0)
Name: _MaterialIDType: FloatFloat: 1Color : RGBA(0.000, 0.000, 0.000, 0.000)Int : 1vector : (0.0, 0.0, 0.0, 0.0)
Name: _TransmissionEnableType: FloatFloat: 1Color : RGBA(0.000, 0.000, 0.000, 0.000)Int : 1vector : (0.0, 0.0, 0.0, 0.0)
Name: _DisplacementModeType: FloatFloat: 0Color : RGBA(0.000, 0.000, 0.000, 0.000)Int : 0vector : (0.0, 0.0, 0.0, 0.0)
Name: _DisplacementLockObjectScaleType: FloatFloat: 1Color : RGBA(0.000, 0.000, 0.000, 0.000)Int : 1vector : (0.0, 0.0, 0.0, 0.0)
Name: _DisplacementLockTilingScaleType: FloatFloat: 1Color : RGBA(0.000, 0.000, 0.000, 0.000)Int : 1vector : (0.0, 0.0, 0.0, 0.0)
Name: _DepthOffsetEnableType: FloatFloat: 0Color : RGBA(0.000, 0.000, 0.000, 0.000)Int : 0vector : (0.0, 0.0, 0.0, 0.0)
Name: _EnableGeometricSpecularAAType: FloatFloat: 0Color : RGBA(0.000, 0.000, 0.000, 0.000)Int : 0vector : (0.0, 0.0, 0.0, 0.0)
Name: _SpecularAAScreenSpaceVarianceType: RangeFloat: 0.1Color : RGBA(0.000, 0.000, 0.000, 0.000)Int : 0vector : (0.0, 0.0, 0.0, 0.0)
Name: _SpecularAAThresholdType: RangeFloat: 0.2Color : RGBA(0.000, 0.000, 0.000, 0.000)Int : 0vector : (0.0, 0.0, 0.0, 0.0)
Name: _PPDMinSamplesType: RangeFloat: 5Color : RGBA(0.000, 0.000, 0.000, 0.000)Int : 5vector : (0.0, 0.0, 0.0, 0.0)
Name: _PPDMaxSamplesType: RangeFloat: 15Color : RGBA(0.000, 0.000, 0.000, 0.000)Int : 15vector : (0.0, 0.0, 0.0, 0.0)
Name: _PPDLodThresholdType: RangeFloat: 5Color : RGBA(0.000, 0.000, 0.000, 0.000)Int : 5vector : (0.0, 0.0, 0.0, 0.0)
Name: _PPDPrimitiveLengthType: FloatFloat: 1Color : RGBA(0.000, 0.000, 0.000, 0.000)Int : 1vector : (0.0, 0.0, 0.0, 0.0)
Name: _PPDPrimitiveWidthType: FloatFloat: 1Color : RGBA(0.000, 0.000, 0.000, 0.000)Int : 1vector : (0.0, 0.0, 0.0, 0.0)
Name: _InvPrimScaleType: VectorFloat: 0Color : RGBA(1.000, 1.000, 0.000, 0.000)Int : 0vector : (1.0, 1.0, 0.0, 0.0)
Name: _UVDetailType: FloatFloat: 0Color : RGBA(0.000, 0.000, 0.000, 0.000)Int : 0vector : (0.0, 0.0, 0.0, 0.0)
Name: _UVDetailsMappingMaskType: ColorFloat: 0Color : RGBA(1.000, 0.000, 0.000, 0.000)Int : 0vector : (1.0, 0.0, 0.0, 0.0)
Name: _LinkDetailsWithBaseType: FloatFloat: 1Color : RGBA(0.000, 0.000, 0.000, 0.000)Int : 1vector : (0.0, 0.0, 0.0, 0.0)
Name: _EmissiveColorModeType: FloatFloat: 1Color : RGBA(0.000, 0.000, 0.000, 0.000)Int : 1vector : (0.0, 0.0, 0.0, 0.0)
Name: _UVEmissiveType: FloatFloat: 0Color : RGBA(0.000, 0.000, 0.000, 0.000)Int : 0vector : (0.0, 0.0, 0.0, 0.0)
Name: _TexWorldScaleEmissiveType: FloatFloat: 1Color : RGBA(0.000, 0.000, 0.000, 0.000)Int : 1vector : (0.0, 0.0, 0.0, 0.0)
Name: _UVMappingMaskEmissiveType: ColorFloat: 0Color : RGBA(1.000, 0.000, 0.000, 0.000)Int : 0vector : (1.0, 0.0, 0.0, 0.0)
Name: _EmissionColorType: ColorFloat: 0Color : RGBA(1.000, 1.000, 1.000, 1.000)Int : 0vector : (1.0, 1.0, 1.0, 1.0)
Name: _MainTexType: TexEnvFloat: 0Color : RGBA(0.000, 0.000, 0.000, 0.000)Int : 0vector : (0.0, 0.0, 0.0, 0.0)
Name: _ColorType: ColorFloat: 0Color : RGBA(1.000, 1.000, 1.000, 1.000)Int : 0vector : (1.0, 1.0, 1.0, 1.0)
Name: _CutoffType: RangeFloat: 0.1Color : RGBA(0.000, 0.000, 0.000, 0.000)Int : 0vector : (0.0, 0.0, 0.0, 0.0)
Name: _SupportDecalsType: FloatFloat: 1Color : RGBA(0.000, 0.000, 0.000, 0.000)Int : 1vector : (0.0, 0.0, 0.0, 0.0)
Name: _ReceivesSSRType: FloatFloat: 1Color : RGBA(0.000, 0.000, 0.000, 0.000)Int : 1vector : (0.0, 0.0, 0.0, 0.0)
Name: _AddPrecomputedVelocityType: FloatFloat: 0Color : RGBA(0.000, 0.000, 0.000, 0.000)Int : 0vector : (0.0, 0.0, 0.0, 0.0)
Name: _DiffusionProfileType: FloatFloat: 0Color : RGBA(0.000, 0.000, 0.000, 0.000)Int : 0vector : (0.0, 0.0, 0.0, 0.0)
Name: _DiffusionProfileAssetType: VectorFloat: 0Color : RGBA(0.000, 0.000, 0.000, 0.000)Int : 0vector : (0.0, 0.0, 0.0, 0.0)
Name: _DiffusionProfileHashType: FloatFloat: 0Color : RGBA(0.000, 0.000, 0.000, 0.000)Int : 0vector : (0.0, 0.0, 0.0, 0.0)

